<?xml version="1.0" encoding="UTF-8"?>
<testng-results skipped="0" failed="0" total="2" passed="2">
  <reporter-output>
  </reporter-output>
  <suite name="Surefire suite" duration-ms="20" started-at="2017-09-04T01:48:23Z" finished-at="2017-09-04T01:48:23Z">
    <groups>
    </groups>
    <test name="Surefire test" duration-ms="20" started-at="2017-09-04T01:48:23Z" finished-at="2017-09-04T01:48:23Z">
      <class name="com.test.aaaaa.AppTest">
        <test-method status="PASS" signature="testApp1()[pri:0, instance:testApp1(com.test.aaaaa.AppTest)]" name="testApp1" duration-ms="8" started-at="2017-09-03T21:48:23Z" finished-at="2017-09-03T21:48:23Z">
          <reporter-output>
          </reporter-output>
        </test-method> <!-- testApp1 -->
        <test-method status="PASS" signature="testApp()[pri:0, instance:testApp(com.test.aaaaa.AppTest)]" name="testApp" duration-ms="0" started-at="2017-09-03T21:48:23Z" finished-at="2017-09-03T21:48:23Z">
          <reporter-output>
          </reporter-output>
        </test-method> <!-- testApp -->
      </class> <!-- com.test.aaaaa.AppTest -->
    </test> <!-- Surefire test -->
  </suite> <!-- Surefire suite -->
</testng-results>
