<?xml version="1.0" encoding="UTF-8"?>
<!-- Generated by org.testng.reporters.JUnitXMLReporter -->
<testsuite hostname="LAPTOP-RO5NS03S" name="Surefire test" tests="2" failures="0" timestamp="4 Sep 2017 01:48:23 GMT" time="0.02" errors="0">
  <testcase name="testApp1 on testApp1(com.test.aaaaa.AppTest)" time="0.008" classname="com.test.aaaaa.AppTest"/>
  <testcase name="testApp on testApp(com.test.aaaaa.AppTest)" time="0.0" classname="com.test.aaaaa.AppTest"/>
</testsuite> <!-- Surefire test -->
